<?xml version="1.0" encoding="UTF-8"?>
<!-- Generated by org.testng.reporters.JUnitReportReporter -->
<testsuite hostname="User-PC" failures="0" tests="1" name="SumValidation" time="3.735" errors="0" timestamp="2021-10-30T19:13:04 IST" skipped="0">
  <testcase classname="SumValidation" name="sumOfCourses" time="3.735"/>
  <system-out/>
</testsuite> <!-- SumValidation -->
