<?xml version="1.0" encoding="UTF-8"?>
<!-- Generated by org.testng.reporters.JUnitReportReporter -->
<testsuite hostname="User-PC" failures="0" tests="3" name="files.DynamicJson" time="7.836" errors="0" timestamp="2021-10-30T20:46:10 IST" skipped="0">
  <testcase classname="files.DynamicJson" name="addBook" time="7.105"/>
  <system-out/>
  <testcase classname="files.DynamicJson" name="addBook" time="0.303"/>
  <system-out/>
  <testcase classname="files.DynamicJson" name="addBook" time="0.428"/>
  <system-out/>
</testsuite> <!-- files.DynamicJson -->
